Using pre-set license
Built from '2020.3/staging' branch; Version is '2020.3.6f1 (338bb68529b2) revision 3378102'; Using compiler version '192528614'; Build Type 'Release'
OS: 'Windows 7  (6.1.0) 64bit' Language: 'ru' Physical Memory: 32687 MB
BatchMode: 1, IsHumanControllingUs: 0, StartBugReporterOnCrash: 0, Is64bit: 1, IsPro: 0

 COMMAND LINE ARGUMENTS:
C:\Program Files\Unity\Hub\Editor\2020.3.6f1\Editor\Unity.exe
-adb2
-batchMode
-noUpm
-name
AssetImportWorker0
-projectPath
F:/unity/carmageddon
-logFile
Logs/AssetImportWorker0.log
-srvPort
12704
Successfully changed project path to: F:/unity/carmageddon
F:/unity/carmageddon
Using Asset Import Pipeline V2.
Refreshing native plugins compatible for Editor in 65.49 ms, found 0 plugins.
Preloading 0 native plugins for Editor in 0.00 ms.
Initialize engine version: 2020.3.6f1 (338bb68529b2)
[Subsystems] Discovering subsystems at path C:/Program Files/Unity/Hub/Editor/2020.3.6f1/Editor/Data/Resources/UnitySubsystems
[Subsystems] Discovering subsystems at path F:/unity/carmageddon/Assets
GfxDevice: creating device client; threaded=0
d3d11: CreateDXGIFactory2(...) not found, fallbacking to CreateDXGIFactory1(...).
d3d11: QueryInterface(IDXGIFactory5) failed (80004002).
Direct3D:
    Version:  Direct3D 11.0 [level 11.0]
    Renderer: Radeon RX 570 Series (ID=0x67df)
    Vendor:   
    VRAM:     4073 MB
    Driver:   27.20.20903.8001
Initialize mono
Mono path[0] = 'C:/Program Files/Unity/Hub/Editor/2020.3.6f1/Editor/Data/Managed'
Mono path[1] = 'C:/Program Files/Unity/Hub/Editor/2020.3.6f1/Editor/Data/MonoBleedingEdge/lib/mono/unityjit'
Mono config path = 'C:/Program Files/Unity/Hub/Editor/2020.3.6f1/Editor/Data/MonoBleedingEdge/etc'
Using monoOptions --debugger-agent=transport=dt_socket,embedding=1,server=y,suspend=n,address=127.0.0.1:56684
Begin MonoManager ReloadAssembly
Registering precompiled unity dll's ...
Register platform support module: C:/Program Files/Unity/Hub/Editor/2020.3.6f1/Editor/Data/PlaybackEngines/WebGLSupport/UnityEditor.WebGL.Extensions.dll
Register platform support module: C:/Program Files/Unity/Hub/Editor/2020.3.6f1/Editor/Data/PlaybackEngines/WindowsStandaloneSupport/UnityEditor.WindowsStandalone.Extensions.dll
Registered in 0.002245 seconds.
Native extension for WindowsStandalone target not found
Native extension for WebGL target not found
Refreshing native plugins compatible for Editor in 58.16 ms, found 0 plugins.
Preloading 0 native plugins for Editor in 0.00 ms.
Mono: successfully reloaded assembly
- Completed reload, in  4.170 seconds
Platform modules already initialized, skipping
Registering precompiled user dll's ...
Registered in 0.001618 seconds.
Begin MonoManager ReloadAssembly
Native extension for WindowsStandalone target not found
Native extension for WebGL target not found
Refreshing native plugins compatible for Editor in 0.83 ms, found 0 plugins.
Preloading 0 native plugins for Editor in 0.00 ms.
Mono: successfully reloaded assembly
- Completed reload, in  1.497 seconds
Platform modules already initialized, skipping
========================================================================
Worker process is ready to serve import requests
Launched and connected shader compiler UnityShaderCompiler.exe after 0.04 seconds
Refreshing native plugins compatible for Editor in 0.78 ms, found 0 plugins.
Preloading 0 native plugins for Editor in 0.00 ms.
Unloading 1799 Unused Serialized files (Serialized files now loaded: 0)
System memory in use before: 77.3 MB.
System memory in use after: 77.3 MB.

Unloading 43 unused Assets to reduce memory usage. Loaded Objects now: 2223.
Total: 7.100291 ms (FindLiveObjects: 0.206155 ms CreateObjectMapping: 0.100846 ms MarkObjects: 6.680395 ms  DeleteObjects: 0.110663 ms)

========================================================================
Received Import Request.
  path: Assets/SpawnPoint.cs
  artifactKey: Guid(23f9f2525c551044faf84a7d0b2aa821) Importer(815301076,1909f56bfc062723c751e8b465ee728b)
Start importing Assets/SpawnPoint.cs using Guid(23f9f2525c551044faf84a7d0b2aa821) Importer(815301076,1909f56bfc062723c751e8b465ee728b)  -> (artifact id: 'e93fc3b33859baeae15c564931326780') in 0.038916 seconds
  Import took 0.042781 seconds .

========================================================================
Received Import Request.
  Time since last request: 52.147975 seconds.
  path: Assets/GameCommander.cs
  artifactKey: Guid(d16d60df97d501b4ab0ea2e275b03976) Importer(815301076,1909f56bfc062723c751e8b465ee728b)
Start importing Assets/GameCommander.cs using Guid(d16d60df97d501b4ab0ea2e275b03976) Importer(815301076,1909f56bfc062723c751e8b465ee728b)  -> (artifact id: '38ef5248a47beb0c0894ec391c3b977f') in 0.001742 seconds
  Import took 0.005387 seconds .

========================================================================
Received Import Request.
  Time since last request: 0.006464 seconds.
  path: Assets/GameCommander.cs
  artifactKey: Guid(d16d60df97d501b4ab0ea2e275b03976) Importer(815301076,1909f56bfc062723c751e8b465ee728b)
Start importing Assets/GameCommander.cs using Guid(d16d60df97d501b4ab0ea2e275b03976) Importer(815301076,1909f56bfc062723c751e8b465ee728b)  -> (artifact id: '38ef5248a47beb0c0894ec391c3b977f') in 0.001275 seconds
  Import took 0.004570 seconds .

========================================================================
Received Prepare
Registering precompiled user dll's ...
Registered in 0.001768 seconds.
Begin MonoManager ReloadAssembly
Native extension for WindowsStandalone target not found
Native extension for WebGL target not found
Refreshing native plugins compatible for Editor in 0.82 ms, found 0 plugins.
Preloading 0 native plugins for Editor in 0.00 ms.
Mono: successfully reloaded assembly
- Completed reload, in  1.498 seconds
Platform modules already initialized, skipping
Switching build target platform(5) subTarget(0) extendedPlatform(0) -> platform(13) subTarget(589824) extendedPlatform(0)
Refreshing native plugins compatible for Editor in 0.82 ms, found 0 plugins.
Preloading 0 native plugins for Editor in 0.00 ms.
Unloading 1796 Unused Serialized files (Serialized files now loaded: 0)
System memory in use before: 77.0 MB.
System memory in use after: 77.1 MB.

Unloading 34 unused Assets to reduce memory usage. Loaded Objects now: 2227.
Total: 7.198906 ms (FindLiveObjects: 0.219095 ms CreateObjectMapping: 0.095938 ms MarkObjects: 6.851299 ms  DeleteObjects: 0.031236 ms)

AssetImportParameters requested are different than current active one (requested -> active):
  custom:graphics/normal-map-encoding: 01000000000000000000000000000000 -> 02000000000000000000000000000000
========================================================================
Received Import Request.
  Time since last request: 37.300449 seconds.
  path: Assets/GameCommander.cs
  artifactKey: Guid(d16d60df97d501b4ab0ea2e275b03976) Importer(815301076,1909f56bfc062723c751e8b465ee728b)
Start importing Assets/GameCommander.cs using Guid(d16d60df97d501b4ab0ea2e275b03976) Importer(815301076,1909f56bfc062723c751e8b465ee728b)  -> (artifact id: '84bfd94c31ec0a4e27ca5383d60324de') in 0.006862 seconds
  Import took 0.010959 seconds .

========================================================================
Received Import Request.
  Time since last request: 3.047866 seconds.
  path: Assets/GameCommander.cs
  artifactKey: Guid(d16d60df97d501b4ab0ea2e275b03976) Importer(815301076,1909f56bfc062723c751e8b465ee728b)
Start importing Assets/GameCommander.cs using Guid(d16d60df97d501b4ab0ea2e275b03976) Importer(815301076,1909f56bfc062723c751e8b465ee728b)  -> (artifact id: '84bfd94c31ec0a4e27ca5383d60324de') in 0.002046 seconds
  Import took 0.005889 seconds .

========================================================================
Received Prepare
Registering precompiled user dll's ...
Registered in 0.001877 seconds.
Begin MonoManager ReloadAssembly
Native extension for WindowsStandalone target not found
Native extension for WebGL target not found
Refreshing native plugins compatible for Editor in 0.88 ms, found 0 plugins.
Preloading 0 native plugins for Editor in 0.00 ms.
Mono: successfully reloaded assembly
- Completed reload, in  1.468 seconds
Platform modules already initialized, skipping
Switching build target platform(5) subTarget(0) extendedPlatform(0) -> platform(13) subTarget(589824) extendedPlatform(0)
Refreshing native plugins compatible for Editor in 0.79 ms, found 0 plugins.
Preloading 0 native plugins for Editor in 0.00 ms.
Unloading 1795 Unused Serialized files (Serialized files now loaded: 0)
System memory in use before: 77.0 MB.
System memory in use after: 77.1 MB.

Unloading 34 unused Assets to reduce memory usage. Loaded Objects now: 2230.
Total: 7.011492 ms (FindLiveObjects: 0.197677 ms CreateObjectMapping: 0.095938 ms MarkObjects: 6.688427 ms  DeleteObjects: 0.028112 ms)

AssetImportParameters requested are different than current active one (requested -> active):
  custom:graphics/normal-map-encoding: 01000000000000000000000000000000 -> 02000000000000000000000000000000
========================================================================
Received Prepare
Registering precompiled user dll's ...
Registered in 0.001758 seconds.
Begin MonoManager ReloadAssembly
Native extension for WindowsStandalone target not found
Native extension for WebGL target not found
Refreshing native plugins compatible for Editor in 0.82 ms, found 0 plugins.
Preloading 0 native plugins for Editor in 0.00 ms.
Mono: successfully reloaded assembly
- Completed reload, in  1.438 seconds
Platform modules already initialized, skipping
Switching build target platform(5) subTarget(0) extendedPlatform(0) -> platform(13) subTarget(589824) extendedPlatform(0)
Refreshing native plugins compatible for Editor in 0.70 ms, found 0 plugins.
Preloading 0 native plugins for Editor in 0.00 ms.
Unloading 1795 Unused Serialized files (Serialized files now loaded: 0)
System memory in use before: 77.0 MB.
System memory in use after: 77.2 MB.

Unloading 34 unused Assets to reduce memory usage. Loaded Objects now: 2233.
Total: 7.026218 ms (FindLiveObjects: 0.189645 ms CreateObjectMapping: 0.095045 ms MarkObjects: 6.710739 ms  DeleteObjects: 0.029004 ms)

AssetImportParameters requested are different than current active one (requested -> active):
  custom:graphics/normal-map-encoding: 01000000000000000000000000000000 -> 02000000000000000000000000000000
========================================================================
Received Import Request.
  Time since last request: 180.752396 seconds.
  path: Assets/GameCommander.cs
  artifactKey: Guid(d16d60df97d501b4ab0ea2e275b03976) Importer(815301076,1909f56bfc062723c751e8b465ee728b)
Start importing Assets/GameCommander.cs using Guid(d16d60df97d501b4ab0ea2e275b03976) Importer(815301076,1909f56bfc062723c751e8b465ee728b)  -> (artifact id: 'ab5f59f147200f5011ef082efae81784') in 0.005767 seconds
  Import took 0.009874 seconds .

========================================================================
Received Import Request.
  Time since last request: 0.007427 seconds.
  path: Assets/GameCommander.cs
  artifactKey: Guid(d16d60df97d501b4ab0ea2e275b03976) Importer(815301076,1909f56bfc062723c751e8b465ee728b)
Start importing Assets/GameCommander.cs using Guid(d16d60df97d501b4ab0ea2e275b03976) Importer(815301076,1909f56bfc062723c751e8b465ee728b)  -> (artifact id: 'ab5f59f147200f5011ef082efae81784') in 0.002143 seconds
  Import took 0.005919 seconds .

========================================================================
Received Prepare
Refreshing native plugins compatible for Editor in 8.92 ms, found 0 plugins.
Preloading 0 native plugins for Editor in 0.00 ms.
Unloading 31 Unused Serialized files (Serialized files now loaded: 0)
System memory in use before: 42.3 MB.
System memory in use after: 42.4 MB.

Unloading 31 unused Assets to reduce memory usage. Loaded Objects now: 2233.
Total: 7.138666 ms (FindLiveObjects: 0.234713 ms CreateObjectMapping: 0.096830 ms MarkObjects: 6.778564 ms  DeleteObjects: 0.025435 ms)

========================================================================
Received Prepare
Registering precompiled user dll's ...
Registered in 0.001684 seconds.
Begin MonoManager ReloadAssembly
Native extension for WindowsStandalone target not found
Native extension for WebGL target not found
Refreshing native plugins compatible for Editor in 0.83 ms, found 0 plugins.
Preloading 0 native plugins for Editor in 0.00 ms.
Mono: successfully reloaded assembly
- Completed reload, in  1.438 seconds
Platform modules already initialized, skipping
Switching build target platform(5) subTarget(0) extendedPlatform(0) -> platform(13) subTarget(589824) extendedPlatform(0)
Refreshing native plugins compatible for Editor in 1.29 ms, found 0 plugins.
Preloading 0 native plugins for Editor in 0.00 ms.
Unloading 1795 Unused Serialized files (Serialized files now loaded: 0)
System memory in use before: 77.1 MB.
System memory in use after: 77.2 MB.

Unloading 34 unused Assets to reduce memory usage. Loaded Objects now: 2236.
Total: 7.055668 ms (FindLiveObjects: 0.199015 ms CreateObjectMapping: 0.093707 ms MarkObjects: 6.730372 ms  DeleteObjects: 0.029897 ms)

AssetImportParameters requested are different than current active one (requested -> active):
  custom:graphics/normal-map-encoding: 01000000000000000000000000000000 -> 02000000000000000000000000000000
========================================================================
Received Prepare
Registering precompiled user dll's ...
Registered in 0.001775 seconds.
Begin MonoManager ReloadAssembly
Native extension for WindowsStandalone target not found
Native extension for WebGL target not found
Refreshing native plugins compatible for Editor in 0.83 ms, found 0 plugins.
Preloading 0 native plugins for Editor in 0.00 ms.
Mono: successfully reloaded assembly
- Completed reload, in  1.493 seconds
Platform modules already initialized, skipping
Switching build target platform(5) subTarget(0) extendedPlatform(0) -> platform(13) subTarget(589824) extendedPlatform(0)
Refreshing native plugins compatible for Editor in 0.62 ms, found 0 plugins.
Preloading 0 native plugins for Editor in 0.00 ms.
Unloading 1795 Unused Serialized files (Serialized files now loaded: 0)
System memory in use before: 77.1 MB.
System memory in use after: 77.2 MB.

Unloading 34 unused Assets to reduce memory usage. Loaded Objects now: 2239.
Total: 7.061023 ms (FindLiveObjects: 0.193661 ms CreateObjectMapping: 0.091029 ms MarkObjects: 6.746883 ms  DeleteObjects: 0.027666 ms)

AssetImportParameters requested are different than current active one (requested -> active):
  custom:graphics/normal-map-encoding: 01000000000000000000000000000000 -> 02000000000000000000000000000000
========================================================================
Received Prepare
Registering precompiled user dll's ...
Registered in 0.001672 seconds.
Begin MonoManager ReloadAssembly
Native extension for WindowsStandalone target not found
Native extension for WebGL target not found
Refreshing native plugins compatible for Editor in 0.85 ms, found 0 plugins.
Preloading 0 native plugins for Editor in 0.00 ms.
Mono: successfully reloaded assembly
- Completed reload, in  1.466 seconds
Platform modules already initialized, skipping
Switching build target platform(5) subTarget(0) extendedPlatform(0) -> platform(13) subTarget(589824) extendedPlatform(0)
Refreshing native plugins compatible for Editor in 0.65 ms, found 0 plugins.
Preloading 0 native plugins for Editor in 0.00 ms.
Unloading 1795 Unused Serialized files (Serialized files now loaded: 0)
System memory in use before: 77.1 MB.
System memory in use after: 77.2 MB.

Unloading 34 unused Assets to reduce memory usage. Loaded Objects now: 2242.
Total: 6.916447 ms (FindLiveObjects: 0.192322 ms CreateObjectMapping: 0.093707 ms MarkObjects: 6.600968 ms  DeleteObjects: 0.027666 ms)

AssetImportParameters requested are different than current active one (requested -> active):
  custom:graphics/normal-map-encoding: 01000000000000000000000000000000 -> 02000000000000000000000000000000
========================================================================
Received Prepare
Refreshing native plugins compatible for Editor in 8.61 ms, found 0 plugins.
Preloading 0 native plugins for Editor in 0.00 ms.
Unloading 31 Unused Serialized files (Serialized files now loaded: 0)
System memory in use before: 42.3 MB.
System memory in use after: 42.4 MB.

Unloading 31 unused Assets to reduce memory usage. Loaded Objects now: 2242.
Total: 6.890566 ms (FindLiveObjects: 0.198123 ms CreateObjectMapping: 0.091476 ms MarkObjects: 6.575979 ms  DeleteObjects: 0.023204 ms)

AssetImportWorkerClient::OnTransportError - code=2 error=End of file
